<?xml version="1.0" encoding="UTF-8"?>
<!-- Generated by org.testng.reporters.JUnitReportReporter -->
<testsuite skipped="0" hostname="BDC4-L-8Y4DZM2" name="com.test.NewTest7" tests="1" failures="0" timestamp="29 Mar 2019 09:15:40 GMT" time="16.617" errors="0">
  <testcase name="testDragAndDrop" time="16.617" classname="com.test.NewTest7"/>
</testsuite> <!-- com.test.NewTest7 -->
