<?xml version="1.0" encoding="UTF-8"?>
<!-- Generated by org.testng.reporters.JUnitReportReporter -->
<testsuite skipped="0" hostname="BDC4-L-8Y4DZM2" name="com.test.NewTest10" tests="2" failures="0" timestamp="01 Apr 2019 05:20:17 GMT" time="0.000" errors="0">
  <testcase name="test3" time="0.000" classname="com.test.NewTest10"/>
  <testcase name="test3" time="0.000" classname="com.test.NewTest10"/>
</testsuite> <!-- com.test.NewTest10 -->
