<?xml version="1.0" encoding="UTF-8"?>
<!-- Generated by org.testng.reporters.JUnitReportReporter -->
<testsuite skipped="0" hostname="BDC4-L-8Y4DZM2" name="com.test.NewTest4" tests="1" failures="0" timestamp="28 Mar 2019 09:33:53 GMT" time="9.918" errors="0">
  <testcase name="testGoogleApps" time="9.918" classname="com.test.NewTest4"/>
</testsuite> <!-- com.test.NewTest4 -->
