<?xml version="1.0" encoding="UTF-8"?>
<!-- Generated by org.testng.reporters.JUnitReportReporter -->
<testsuite skipped="0" hostname="BDC4-L-8Y4DZM2" name="com.test.NewTest6" tests="1" failures="0" timestamp="29 Mar 2019 04:14:24 GMT" time="23.374" errors="0">
  <testcase name="testLinks" time="23.374" classname="com.test.NewTest6"/>
</testsuite> <!-- com.test.NewTest6 -->
