<?xml version="1.0" encoding="UTF-8"?>
<!-- Generated by org.testng.reporters.JUnitReportReporter -->
<testsuite skipped="0" hostname="BDC4-L-8Y4DZM2" name="com.test.NewTest11" tests="6" failures="0" timestamp="01 Apr 2019 12:45:09 GMT" time="36.032" errors="0">
  <testcase name="testDemoWebShop" time="9.060" classname="com.test.NewTest11"/>
  <testcase name="testDemoWebShop" time="4.073" classname="com.test.NewTest11"/>
  <testcase name="testDemoWebShop" time="3.843" classname="com.test.NewTest11"/>
  <testcase name="testDemoWebShop" time="2.865" classname="com.test.NewTest11"/>
  <testcase name="testDemoWebShop" time="7.014" classname="com.test.NewTest11"/>
  <testcase name="testDemoWebShop" time="9.177" classname="com.test.NewTest11"/>
</testsuite> <!-- com.test.NewTest11 -->
