<?xml version="1.0" encoding="UTF-8"?>
<!-- Generated by org.testng.reporters.JUnitReportReporter -->
<testsuite skipped="0" hostname="BDC4-L-8Y4DZM2" name="com.test.NewTest3" tests="1" failures="0" timestamp="27 Mar 2019 09:54:51 GMT" time="9.999" errors="0">
  <testcase name="testLoginDemoWebShop" time="9.999" classname="com.test.NewTest3"/>
</testsuite> <!-- com.test.NewTest3 -->
