<?xml version="1.0" encoding="UTF-8"?>
<!-- Generated by org.testng.reporters.JUnitReportReporter -->
<testsuite skipped="0" hostname="BDC4-L-8Y4DZM2" name="com.test.NewTest1" tests="3" failures="0" timestamp="27 Mar 2019 06:32:19 GMT" time="0.015" errors="0">
  <testcase name="testGoogleHomePage" time="0.013" classname="com.test.NewTest1"/>
  <testcase name="testLinkedIn" time="0.001" classname="com.test.NewTest1"/>
  <testcase name="testAccenturePage" time="0.001" classname="com.test.NewTest1"/>
</testsuite> <!-- com.test.NewTest1 -->
