<?xml version="1.0" encoding="UTF-8"?>
<!-- Generated by org.testng.reporters.JUnitReportReporter -->
<testsuite skipped="0" hostname="BDC4-L-8Y4DZM2" name="com.test.NewTest12" tests="1" failures="0" timestamp="01 Apr 2019 09:40:46 GMT" time="0.601" errors="0">
  <testcase name="testExcelData" time="0.601" classname="com.test.NewTest12"/>
</testsuite> <!-- com.test.NewTest12 -->
