<?xml version="1.0" encoding="UTF-8"?>
<!-- Generated by org.testng.reporters.JUnitReportReporter -->
<testsuite skipped="0" hostname="CDC2-D-CLSTXJ2" name="com.test.NewTest15" tests="1" failures="0" timestamp="02 Apr 2019 10:24:31 GMT" time="37.313" errors="0">
  <testcase name="testJS" time="37.313" classname="com.test.NewTest15"/>
</testsuite> <!-- com.test.NewTest15 -->
