<?xml version="1.0" encoding="UTF-8"?>
<!-- Generated by org.testng.reporters.JUnitReportReporter -->
<testsuite skipped="0" hostname="BDC4-L-8Y4DZM2" name="com.test.NewTest5" tests="1" failures="0" timestamp="02 Apr 2019 08:13:45 GMT" time="14.362" errors="0">
  <testcase name="testHdfc" time="14.362" classname="com.test.NewTest5"/>
</testsuite> <!-- com.test.NewTest5 -->
