<?xml version="1.0" encoding="UTF-8"?>
<!-- Generated by org.testng.reporters.JUnitReportReporter -->
<testsuite skipped="0" hostname="BDC4-L-8Y4DZM2" name="com.test.NewTest14" tests="3" failures="0" timestamp="02 Apr 2019 05:20:50 GMT" time="9.083" errors="0">
  <testcase name="testLogin" time="4.781" classname="com.test.NewTest14"/>
  <testcase name="testHomePage" time="0.665" classname="com.test.NewTest14"/>
  <testcase name="testRegistration" time="3.637" classname="com.test.NewTest14"/>
</testsuite> <!-- com.test.NewTest14 -->
