<?xml version="1.0" encoding="UTF-8"?>
<!-- Generated by org.testng.reporters.JUnitReportReporter -->
<testsuite skipped="0" hostname="BDC4-L-8Y4DZM2" name="com.test.NewTest8" tests="1" failures="0" timestamp="29 Mar 2019 10:46:16 GMT" time="19.554" errors="0">
  <testcase name="testClearTrip" time="19.554" classname="com.test.NewTest8"/>
</testsuite> <!-- com.test.NewTest8 -->
